
> eventmitra-backend@1.0.0 dev
> nodemon src/server.js

[33m[nodemon] 3.1.14[39m
[33m[nodemon] to restart at any time, enter `rs`[39m
[33m[nodemon] watching path(s): *.*[39m
[33m[nodemon] watching extensions: js,mjs,cjs,json[39m
[32m[nodemon] starting `node src/server.js`[39m
MongoDB connected ✅
node:events:496
      throw er; // Unhandled 'error' event
      ^

Error: listen EADDRINUSE: address already in use :::5000
    at Server.setupListenHandle [as _listen2] (node:net:1937:16)
    at listenInCluster (node:net:1994:12)
    at Server.listen (node:net:2099:7)
    at Function.listen (/Users/vivekpanchal/Downloads/EventMitra/node_modules/express/lib/application.js:635:24)
    at startServer (file:///Users/vivekpanchal/Downloads/EventMitra/backend/src/server.js:8:9)
    at process.processTicksAndRejections (node:internal/process/task_queues:105:5)
Emitted 'error' event on Server instance at:
    at emitErrorNT (node:net:1973:8)
    at process.processTicksAndRejections (node:internal/process/task_queues:90:21) {
  code: 'EADDRINUSE',
  errno: -48,
  syscall: 'listen',
  address: '::',
  port: 5000
}

Node.js v22.14.0
[31m[nodemon] app crashed - waiting for file changes before starting...[39m
npm error Lifecycle script `dev` failed with error:
npm error code 143
npm error path /Users/vivekpanchal/Downloads/EventMitra/backend
npm error workspace eventmitra-backend@1.0.0
npm error location /Users/vivekpanchal/Downloads/EventMitra/backend
npm error command failed
npm error command sh -c nodemon src/server.js
